[2026-03-27 18:53:59] [INFO ] [org.example.Driver] - Запуск програми Library_project.
[2026-03-27 18:53:59] [DEBUG] [org.example.Driver] - Початок завантаження бібліотеки з файлу.
[2026-03-27 18:53:59] [DEBUG] [org.example.FileHandler] - Зчитування даних бібліотеки з файлу 'input.txt'.
[2026-03-27 18:53:59] [INFO ] [org.example.Driver] - Бібліотеку 'Центральна міська бібліотека' успішно завантажено з файлу.
[2026-03-27 18:53:59] [DEBUG] [org.example.Driver] - Початок завантаження книг з файлу.
[2026-03-27 18:53:59] [DEBUG] [org.example.FileHandler] - Зчитування книг з файлу 'input.txt'.
[2026-03-27 18:53:59] [DEBUG] [org.example.FileHandler] - З файлу 'input.txt' зчитано 7 книг.
[2026-03-27 18:53:59] [DEBUG] [org.example.Driver] - Завантажено 7 книг з файлу.
[2026-03-27 18:53:59] [DEBUG] [org.example.Driver] - Обрано пункт головного меню: 8
[2026-03-27 18:53:59] [DEBUG] [org.example.Driver] - Початок збереження даних бібліотеки у файл.
[2026-03-27 18:53:59] [DEBUG] [org.example.FileHandler] - Збереження 7 книг у файл 'input.txt'.
[2026-03-27 18:53:59] [DEBUG] [org.example.FileHandler] - Збереження у файл 'input.txt' завершено успішно.
[2026-03-27 18:53:59] [INFO ] [org.example.Driver] - Дані бібліотеки успішно збережено.
[2026-03-27 18:53:59] [INFO ] [org.example.Driver] - Програму завершено.
[2026-03-27 19:18:28] [DEBUG] [org.example.Driver] - Детальна інформація про стан системи: старт main(), ініціалізація компонентів.
[2026-03-27 19:18:28] [INFO ] [org.example.Driver] - Запуск програми Library_project.
[2026-03-27 19:18:28] [DEBUG] [org.example.Driver] - Початок завантаження бібліотеки з файлу.
[2026-03-27 19:18:28] [DEBUG] [org.example.FileHandler] - Зчитування даних бібліотеки з файлу 'input.txt'.
[2026-03-27 19:18:28] [INFO ] [org.example.Driver] - Бібліотеку 'Центральна міська бібліотека' успішно завантажено з файлу.
[2026-03-27 19:18:28] [DEBUG] [org.example.Driver] - Початок завантаження книг з файлу.
[2026-03-27 19:18:28] [DEBUG] [org.example.FileHandler] - Зчитування книг з файлу 'input.txt'.
[2026-03-27 19:18:28] [DEBUG] [org.example.FileHandler] - З файлу 'input.txt' зчитано 7 книг.
[2026-03-27 19:18:28] [DEBUG] [org.example.Driver] - Завантажено 7 книг з файлу.
[2026-03-27 19:18:28] [DEBUG] [org.example.Driver] - Обрано пункт головного меню: 8
[2026-03-27 19:18:28] [DEBUG] [org.example.Driver] - Початок збереження даних бібліотеки у файл.
[2026-03-27 19:18:28] [DEBUG] [org.example.FileHandler] - Збереження 7 книг у файл 'input.txt'.
[2026-03-27 19:18:28] [DEBUG] [org.example.FileHandler] - Збереження у файл 'input.txt' завершено успішно.
[2026-03-27 19:18:28] [INFO ] [org.example.Driver] - Дані бібліотеки успішно збережено.
[2026-03-27 19:18:28] [INFO ] [org.example.Driver] - Програму завершено.
[2026-03-27 19:42:10] [DEBUG] [org.example.Driver] - Детальна інформація про стан системи: старт main(), ініціалізація компонентів.
[2026-03-27 19:42:10] [INFO ] [org.example.Driver] - Запуск програми Library_project.
[2026-03-27 19:42:10] [DEBUG] [org.example.Driver] - Початок завантаження бібліотеки з файлу.
[2026-03-27 19:42:10] [DEBUG] [org.example.FileHandler] - Зчитування даних бібліотеки з файлу 'input.txt'.
[2026-03-27 19:42:10] [INFO ] [org.example.Driver] - Бібліотеку 'Центральна міська бібліотека' успішно завантажено з файлу.
[2026-03-27 19:42:10] [DEBUG] [org.example.Driver] - Початок завантаження книг з файлу.
[2026-03-27 19:42:10] [DEBUG] [org.example.FileHandler] - Зчитування книг з файлу 'input.txt'.
[2026-03-27 19:42:10] [DEBUG] [org.example.FileHandler] - З файлу 'input.txt' зчитано 7 книг.
[2026-03-27 19:42:10] [DEBUG] [org.example.Driver] - Завантажено 7 книг з файлу.
[2026-03-27 19:42:24] [DEBUG] [org.example.Driver] - Обрано пункт головного меню: 6
[2026-03-27 19:42:31] [DEBUG] [org.example.Driver] - Обрано пункт головного меню: 8
[2026-03-27 19:42:31] [DEBUG] [org.example.Driver] - Початок збереження даних бібліотеки у файл.
[2026-03-27 19:42:31] [DEBUG] [org.example.FileHandler] - Збереження 7 книг у файл 'input.txt'.
[2026-03-27 19:42:31] [DEBUG] [org.example.FileHandler] - Збереження у файл 'input.txt' завершено успішно.
[2026-03-27 19:42:31] [INFO ] [org.example.Driver] - Дані бібліотеки успішно збережено.
[2026-03-27 19:42:31] [INFO ] [org.example.Driver] - Програму завершено.
[2026-03-27 22:39:19] [DEBUG] [org.example.Driver] - Детальна інформація про стан системи: старт main(), ініціалізація компонентів.
[2026-03-27 22:39:19] [INFO ] [org.example.Driver] - Запуск програми Library_project.
[2026-03-27 22:39:19] [DEBUG] [org.example.Driver] - Початок завантаження бібліотеки з файлу.
[2026-03-27 22:39:19] [DEBUG] [org.example.FileHandler] - Зчитування даних бібліотеки з файлу 'input.txt'.
[2026-03-27 22:39:19] [INFO ] [org.example.Driver] - Бібліотеку 'Центральна міська бібліотека' успішно завантажено з файлу.
[2026-03-27 22:39:19] [DEBUG] [org.example.Driver] - Початок завантаження книг з файлу.
[2026-03-27 22:39:19] [DEBUG] [org.example.FileHandler] - Зчитування книг з файлу 'input.txt'.
[2026-03-27 22:39:19] [DEBUG] [org.example.FileHandler] - З файлу 'input.txt' зчитано 7 книг.
[2026-03-27 22:39:19] [DEBUG] [org.example.Driver] - Завантажено 7 книг з файлу.
[2026-03-27 22:39:19] [DEBUG] [org.example.Driver] - Обрано пункт головного меню: 2
[2026-03-27 22:39:19] [ERROR] [org.example.Driver] - [ErrorID: e2ea8743-afe5-480f-84af-901a944aff82] - Критична помилка при пошуку книги за UUID. Контекст: uuidInput='abc'.
java.lang.IllegalArgumentException: Invalid UUID string: abc
	at java.base/java.util.UUID.fromString1(UUID.java:280)
	at java.base/java.util.UUID.fromString(UUID.java:258)
	at org.example.Driver.searchAndDisplayByUUID(Driver.java:630)
	at org.example.Driver.showSearchMenu(Driver.java:606)
	at org.example.Driver.menu(Driver.java:145)
	at org.example.Driver.main(Driver.java:89)
	at java.base/jdk.internal.reflect.DirectMethodHandleAccessor.invoke(DirectMethodHandleAccessor.java:104)
	at java.base/java.lang.reflect.Method.invoke(Method.java:565)
	at org.codehaus.mojo.exec.AbstractExecJavaBase.executeMainMethod(AbstractExecJavaBase.java:402)
	at org.codehaus.mojo.exec.ExecJavaMojo.executeMainMethod(ExecJavaMojo.java:142)
	at org.codehaus.mojo.exec.AbstractExecJavaBase.doExecClassLoader(AbstractExecJavaBase.java:377)
	at org.codehaus.mojo.exec.AbstractExecJavaBase.lambda$execute$0(AbstractExecJavaBase.java:287)
	at java.base/java.lang.Thread.run(Thread.java:1474)
[2026-03-27 22:39:19] [DEBUG] [org.example.Driver] - Обрано пункт головного меню: 8
[2026-03-27 22:39:19] [DEBUG] [org.example.Driver] - Початок збереження даних бібліотеки у файл.
[2026-03-27 22:39:19] [DEBUG] [org.example.FileHandler] - Збереження 7 книг у файл 'input.txt'.
[2026-03-27 22:39:19] [DEBUG] [org.example.FileHandler] - Збереження у файл 'input.txt' завершено успішно.
[2026-03-27 22:39:19] [INFO ] [org.example.Driver] - Дані бібліотеки успішно збережено.
[2026-03-27 22:39:19] [INFO ] [org.example.Driver] - Програму завершено.
[2026-03-27 22:40:35] [DEBUG] [org.example.Driver] - Детальна інформація про стан системи: старт main(), ініціалізація компонентів.
[2026-03-27 22:40:35] [INFO ] [org.example.Driver] - Запуск програми Library_project.
[2026-03-27 22:40:35] [DEBUG] [org.example.Driver] - Початок завантаження бібліотеки з файлу.
[2026-03-27 22:40:35] [DEBUG] [org.example.FileHandler] - Зчитування даних бібліотеки з файлу 'input.txt'.
[2026-03-27 22:40:35] [INFO ] [org.example.Driver] - Бібліотеку 'Центральна міська бібліотека' успішно завантажено з файлу.
[2026-03-27 22:40:35] [DEBUG] [org.example.Driver] - Початок завантаження книг з файлу.
[2026-03-27 22:40:35] [DEBUG] [org.example.FileHandler] - Зчитування книг з файлу 'input.txt'.
[2026-03-27 22:40:35] [DEBUG] [org.example.FileHandler] - З файлу 'input.txt' зчитано 7 книг.
[2026-03-27 22:40:35] [DEBUG] [org.example.Driver] - Завантажено 7 книг з файлу.
[2026-03-27 22:40:35] [DEBUG] [org.example.Driver] - Обрано пункт головного меню: 2
[2026-03-27 22:40:35] [ERROR] [org.example.Driver] - [ErrorID: 85fb1822-0b9e-4563-9a3a-5f661d70caae] - Критична помилка при пошуку книги за UUID. Контекст: uuidInput='abc'.
java.lang.IllegalArgumentException: Invalid UUID string: abc
	at java.base/java.util.UUID.fromString1(UUID.java:280)
	at java.base/java.util.UUID.fromString(UUID.java:258)
	at org.example.Driver.searchAndDisplayByUUID(Driver.java:630)
	at org.example.Driver.showSearchMenu(Driver.java:606)
	at org.example.Driver.menu(Driver.java:145)
	at org.example.Driver.main(Driver.java:89)
	at java.base/jdk.internal.reflect.DirectMethodHandleAccessor.invoke(DirectMethodHandleAccessor.java:104)
	at java.base/java.lang.reflect.Method.invoke(Method.java:565)
	at org.codehaus.mojo.exec.AbstractExecJavaBase.executeMainMethod(AbstractExecJavaBase.java:402)
	at org.codehaus.mojo.exec.ExecJavaMojo.executeMainMethod(ExecJavaMojo.java:142)
	at org.codehaus.mojo.exec.AbstractExecJavaBase.doExecClassLoader(AbstractExecJavaBase.java:377)
	at org.codehaus.mojo.exec.AbstractExecJavaBase.lambda$execute$0(AbstractExecJavaBase.java:287)
	at java.base/java.lang.Thread.run(Thread.java:1474)
[2026-03-27 22:40:35] [DEBUG] [org.example.Driver] - Обрано пункт головного меню: 8
[2026-03-27 22:40:35] [DEBUG] [org.example.Driver] - Початок збереження даних бібліотеки у файл.
[2026-03-27 22:40:35] [DEBUG] [org.example.FileHandler] - Збереження 7 книг у файл 'input.txt'.
[2026-03-27 22:40:35] [DEBUG] [org.example.FileHandler] - Збереження у файл 'input.txt' завершено успішно.
[2026-03-27 22:40:35] [INFO ] [org.example.Driver] - Дані бібліотеки успішно збережено.
[2026-03-27 22:40:35] [INFO ] [org.example.Driver] - Програму завершено.
